2025-03-27 12:10:18,000 DEBUG django.db.backends: (0.43) SELECT * FROM 'cart' WHERE id = 11;
2025-03-27 12:26:18,000 WARNING django.security: ConnectionError: Failed to connect to payment gateway
2025-03-27 12:20:50,000 DEBUG django.db.backends: (0.14) SELECT * FROM 'reviews' WHERE id = 76;
2025-03-27 12:06:15,000 WARNING django.security: IntegrityError: duplicate key value violates unique constraint
2025-03-27 12:10:49,000 CRITICAL django.core.management: OSError: No space left on device
2025-03-27 12:18:30,000 CRITICAL django.core.management: ValueError: Invalid input data
2025-03-27 12:41:43,000 DEBUG django.db.backends: (0.46) SELECT * FROM 'payments' WHERE id = 92;
2025-03-27 12:14:56,000 DEBUG django.db.backends: (0.17) SELECT * FROM 'support' WHERE id = 39;
2025-03-27 12:22:08,000 CRITICAL django.core.management: OSError: No space left on device
2025-03-27 12:42:08,000 WARNING django.security: DatabaseError: Deadlock detected
2025-03-27 12:07:30,000 CRITICAL django.core.management: DatabaseError: Deadlock detected
2025-03-27 12:08:30,000 DEBUG django.db.backends: (0.22) SELECT * FROM 'reviews' WHERE id = 35;
2025-03-27 12:49:04,000 WARNING django.security: DatabaseError: Deadlock detected
2025-03-27 12:16:06,000 DEBUG django.db.backends: (0.11) SELECT * FROM 'shipping' WHERE id = 17;
2025-03-27 12:32:44,000 DEBUG django.db.backends: (0.40) SELECT * FROM 'users' WHERE id = 85;
2025-03-27 12:42:24,000 DEBUG django.db.backends: (0.39) SELECT * FROM 'orders' WHERE id = 84;
2025-03-27 12:11:07,000 WARNING django.security: SuspiciousOperation: Invalid HTTP_HOST header
2025-03-27 12:39:41,000 WARNING django.security: ConnectionError: Failed to connect to payment gateway
2025-03-27 12:44:55,000 WARNING django.security: IntegrityError: duplicate key value violates unique constraint
2025-03-27 12:42:46,000 WARNING django.security: IntegrityError: duplicate key value violates unique constraint
2025-03-27 12:47:56,000 WARNING django.security: IntegrityError: duplicate key value violates unique constraint
2025-03-27 12:06:29,000 DEBUG django.db.backends: (0.31) SELECT * FROM 'products' WHERE id = 18;
2025-03-27 12:45:46,000 WARNING django.security: OSError: No space left on device
2025-03-27 12:09:25,000 WARNING django.security: SuspiciousOperation: Invalid HTTP_HOST header
2025-03-27 12:14:22,000 WARNING django.security: PermissionDenied: User does not have permission
2025-03-27 12:49:19,000 WARNING django.security: ValueError: Invalid input data
2025-03-27 12:27:18,000 WARNING django.security: DatabaseError: Deadlock detected
2025-03-27 12:27:26,000 CRITICAL django.core.management: SuspiciousOperation: Invalid HTTP_HOST header
2025-03-27 12:47:46,000 WARNING django.security: IntegrityError: duplicate key value violates unique constraint
2025-03-27 12:28:34,000 WARNING django.security: OSError: No space left on device
2025-03-27 12:40:30,000 CRITICAL django.core.management: ConnectionError: Failed to connect to payment gateway
2025-03-27 12:45:09,000 DEBUG django.db.backends: (0.48) SELECT * FROM 'shipping' WHERE id = 17;
2025-03-27 12:46:28,000 WARNING django.security: OSError: No space left on device
2025-03-27 12:12:30,000 DEBUG django.db.backends: (0.12) SELECT * FROM 'login' WHERE id = 49;
2025-03-27 12:17:20,000 WARNING django.security: DatabaseError: Deadlock detected
2025-03-27 12:01:21,000 WARNING django.security: PermissionDenied: User does not have permission
2025-03-27 12:10:18,000 DEBUG django.db.backends: (0.43) SELECT * FROM 'cart' WHERE id = 11;
2025-03-27 12:26:18,000 WARNING django.security: ConnectionError: Failed to connect to payment gateway
2025-03-27 12:20:50,000 DEBUG django.db.backends: (0.14) SELECT * FROM 'reviews' WHERE id = 76;
2025-03-27 12:06:15,000 WARNING django.security: IntegrityError: duplicate key value violates unique constraint
2025-03-27 12:10:49,000 CRITICAL django.core.management: OSError: No space left on device
2025-03-27 12:18:30,000 CRITICAL django.core.management: ValueError: Invalid input data
2025-03-27 12:41:43,000 DEBUG django.db.backends: (0.46) SELECT * FROM 'payments' WHERE id = 92;
2025-03-27 12:14:56,000 DEBUG django.db.backends: (0.17) SELECT * FROM 'support' WHERE id = 39;
2025-03-27 12:22:08,000 CRITICAL django.core.management: OSError: No space left on device
2025-03-27 12:42:08,000 WARNING django.security: DatabaseError: Deadlock detected
2025-03-27 12:07:30,000 CRITICAL django.core.management: DatabaseError: Deadlock detected
2025-03-27 12:08:30,000 DEBUG django.db.backends: (0.22) SELECT * FROM 'reviews' WHERE id = 35;
2025-03-27 12:49:04,000 WARNING django.security: DatabaseError: Deadlock detected
2025-03-27 12:16:06,000 DEBUG django.db.backends: (0.11) SELECT * FROM 'shipping' WHERE id = 17;
2025-03-27 12:32:44,000 DEBUG django.db.backends: (0.40) SELECT * FROM 'users' WHERE id = 85;
2025-03-27 12:42:24,000 DEBUG django.db.backends: (0.39) SELECT * FROM 'orders' WHERE id = 84;
2025-03-27 12:11:07,000 WARNING django.security: SuspiciousOperation: Invalid HTTP_HOST header
2025-03-27 12:39:41,000 WARNING django.security: ConnectionError: Failed to connect to payment gateway
2025-03-27 12:44:55,000 WARNING django.security: IntegrityError: duplicate key value violates unique constraint
2025-03-27 12:42:46,000 WARNING django.security: IntegrityError: duplicate key value violates unique constraint
2025-03-27 12:47:56,000 WARNING django.security: IntegrityError: duplicate key value violates unique constraint
2025-03-27 12:06:29,000 DEBUG django.db.backends: (0.31) SELECT * FROM 'products' WHERE id = 18;
2025-03-27 12:45:46,000 WARNING django.security: OSError: No space left on device
2025-03-27 12:09:25,000 WARNING django.security: SuspiciousOperation: Invalid HTTP_HOST header
2025-03-27 12:14:22,000 WARNING django.security: PermissionDenied: User does not have permission
2025-03-27 12:49:19,000 WARNING django.security: ValueError: Invalid input data
2025-03-27 12:27:18,000 WARNING django.security: DatabaseError: Deadlock detected
2025-03-27 12:27:26,000 CRITICAL django.core.management: SuspiciousOperation: Invalid HTTP_HOST header
2025-03-27 12:47:46,000 WARNING django.security: IntegrityError: duplicate key value violates unique constraint
2025-03-27 12:28:34,000 WARNING django.security: OSError: No space left on device
2025-03-27 12:40:30,000 CRITICAL django.core.management: ConnectionError: Failed to connect to payment gateway
2025-03-27 12:45:09,000 DEBUG django.db.backends: (0.48) SELECT * FROM 'shipping' WHERE id = 17;
2025-03-27 12:46:28,000 WARNING django.security: OSError: No space left on device
2025-03-27 12:12:30,000 DEBUG django.db.backends: (0.12) SELECT * FROM 'login' WHERE id = 49;
2025-03-27 12:17:20,000 WARNING django.security: DatabaseError: Deadlock detected
2025-03-27 12:01:21,000 WARNING django.security: PermissionDenied: User does not have permission
2025-03-27 12:10:18,000 DEBUG django.db.backends: (0.43) SELECT * FROM 'cart' WHERE id = 11;
2025-03-27 12:26:18,000 WARNING django.security: ConnectionError: Failed to connect to payment gateway
2025-03-27 12:20:50,000 DEBUG django.db.backends: (0.14) SELECT * FROM 'reviews' WHERE id = 76;
2025-03-27 12:06:15,000 WARNING django.security: IntegrityError: duplicate key value violates unique constraint
2025-03-27 12:10:49,000 CRITICAL django.core.management: OSError: No space left on device
2025-03-27 12:18:30,000 CRITICAL django.core.management: ValueError: Invalid input data
2025-03-27 12:41:43,000 DEBUG django.db.backends: (0.46) SELECT * FROM 'payments' WHERE id = 92;
2025-03-27 12:14:56,000 DEBUG django.db.backends: (0.17) SELECT * FROM 'support' WHERE id = 39;
2025-03-27 12:22:08,000 CRITICAL django.core.management: OSError: No space left on device
2025-03-27 12:42:08,000 WARNING django.security: DatabaseError: Deadlock detected
2025-03-27 12:07:30,000 CRITICAL django.core.management: DatabaseError: Deadlock detected
2025-03-27 12:08:30,000 DEBUG django.db.backends: (0.22) SELECT * FROM 'reviews' WHERE id = 35;
2025-03-27 12:49:04,000 WARNING django.security: DatabaseError: Deadlock detected
2025-03-27 12:16:06,000 DEBUG django.db.backends: (0.11) SELECT * FROM 'shipping' WHERE id = 17;
2025-03-27 12:32:44,000 DEBUG django.db.backends: (0.40) SELECT * FROM 'users' WHERE id = 85;
2025-03-27 12:42:24,000 DEBUG django.db.backends: (0.39) SELECT * FROM 'orders' WHERE id = 84;
2025-03-27 12:11:07,000 WARNING django.security: SuspiciousOperation: Invalid HTTP_HOST header
2025-03-27 12:39:41,000 WARNING django.security: ConnectionError: Failed to connect to payment gateway
2025-03-27 12:44:55,000 WARNING django.security: IntegrityError: duplicate key value violates unique constraint
2025-03-27 12:42:46,000 WARNING django.security: IntegrityError: duplicate key value violates unique constraint
2025-03-27 12:47:56,000 WARNING django.security: IntegrityError: duplicate key value violates unique constraint
2025-03-27 12:06:29,000 DEBUG django.db.backends: (0.31) SELECT * FROM 'products' WHERE id = 18;
2025-03-27 12:45:46,000 WARNING django.security: OSError: No space left on device
2025-03-27 12:09:25,000 WARNING django.security: SuspiciousOperation: Invalid HTTP_HOST header
2025-03-27 12:14:22,000 WARNING django.security: PermissionDenied: User does not have permission
2025-03-27 12:49:19,000 WARNING django.security: ValueError: Invalid input data
2025-03-27 12:27:18,000 WARNING django.security: DatabaseError: Deadlock detected
2025-03-27 12:27:26,000 CRITICAL django.core.management: SuspiciousOperation: Invalid HTTP_HOST header
2025-03-27 12:47:46,000 WARNING django.security: IntegrityError: duplicate key value violates unique constraint
2025-03-27 12:28:34,000 WARNING django.security: OSError: No space left on device
2025-03-27 12:40:30,000 CRITICAL django.core.management: ConnectionError: Failed to connect to payment gateway
2025-03-27 12:45:09,000 DEBUG django.db.backends: (0.48) SELECT * FROM 'shipping' WHERE id = 17;
2025-03-27 12:46:28,000 WARNING django.security: OSError: No space left on device
2025-03-27 12:12:30,000 DEBUG django.db.backends: (0.12) SELECT * FROM 'login' WHERE id = 49;
2025-03-27 12:17:20,000 WARNING django.security: DatabaseError: Deadlock detected
2025-03-27 12:01:21,000 WARNING django.security: PermissionDenied: User does not have permission
2025-03-27 12:10:18,000 DEBUG django.db.backends: (0.43) SELECT * FROM 'cart' WHERE id = 11;
2025-03-27 12:26:18,000 WARNING django.security: ConnectionError: Failed to connect to payment gateway
2025-03-27 12:20:50,000 DEBUG django.db.backends: (0.14) SELECT * FROM 'reviews' WHERE id = 76;
2025-03-27 12:06:15,000 WARNING django.security: IntegrityError: duplicate key value violates unique constraint
2025-03-27 12:10:49,000 CRITICAL django.core.management: OSError: No space left on device
2025-03-27 12:18:30,000 CRITICAL django.core.management: ValueError: Invalid input data
2025-03-27 12:41:43,000 DEBUG django.db.backends: (0.46) SELECT * FROM 'payments' WHERE id = 92;
2025-03-27 12:14:56,000 DEBUG django.db.backends: (0.17) SELECT * FROM 'support' WHERE id = 39;
2025-03-27 12:22:08,000 CRITICAL django.core.management: OSError: No space left on device
2025-03-27 12:42:08,000 WARNING django.security: DatabaseError: Deadlock detected
2025-03-27 12:07:30,000 CRITICAL django.core.management: DatabaseError: Deadlock detected
2025-03-27 12:08:30,000 DEBUG django.db.backends: (0.22) SELECT * FROM 'reviews' WHERE id = 35;
2025-03-27 12:49:04,000 WARNING django.security: DatabaseError: Deadlock detected
2025-03-27 12:16:06,000 DEBUG django.db.backends: (0.11) SELECT * FROM 'shipping' WHERE id = 17;
2025-03-27 12:32:44,000 DEBUG django.db.backends: (0.40) SELECT * FROM 'users' WHERE id = 85;
2025-03-27 12:42:24,000 DEBUG django.db.backends: (0.39) SELECT * FROM 'orders' WHERE id = 84;
2025-03-27 12:11:07,000 WARNING django.security: SuspiciousOperation: Invalid HTTP_HOST header
2025-03-27 12:39:41,000 WARNING django.security: ConnectionError: Failed to connect to payment gateway
2025-03-27 12:44:55,000 WARNING django.security: IntegrityError: duplicate key value violates unique constraint
2025-03-27 12:42:46,000 WARNING django.security: IntegrityError: duplicate key value violates unique constraint
2025-03-27 12:47:56,000 WARNING django.security: IntegrityError: duplicate key value violates unique constraint
2025-03-27 12:06:29,000 DEBUG django.db.backends: (0.31) SELECT * FROM 'products' WHERE id = 18;
2025-03-27 12:45:46,000 WARNING django.security: OSError: No space left on device
2025-03-27 12:09:25,000 WARNING django.security: SuspiciousOperation: Invalid HTTP_HOST header
2025-03-27 12:14:22,000 WARNING django.security: PermissionDenied: User does not have permission
2025-03-27 12:49:19,000 WARNING django.security: ValueError: Invalid input data
2025-03-27 12:27:18,000 WARNING django.security: DatabaseError: Deadlock detected
2025-03-27 12:27:26,000 CRITICAL django.core.management: SuspiciousOperation: Invalid HTTP_HOST header
2025-03-27 12:47:46,000 WARNING django.security: IntegrityError: duplicate key value violates unique constraint
2025-03-27 12:28:34,000 WARNING django.security: OSError: No space left on device
2025-03-27 12:40:30,000 CRITICAL django.core.management: ConnectionError: Failed to connect to payment gateway
2025-03-27 12:45:09,000 DEBUG django.db.backends: (0.48) SELECT * FROM 'shipping' WHERE id = 17;
2025-03-27 12:46:28,000 WARNING django.security: OSError: No space left on device
2025-03-27 12:12:30,000 DEBUG django.db.backends: (0.12) SELECT * FROM 'login' WHERE id = 49;
2025-03-27 12:17:20,000 WARNING django.security: DatabaseError: Deadlock detected
2025-03-27 12:01:21,000 WARNING django.security: PermissionDenied: User does not have permission
2025-03-27 12:10:18,000 DEBUG django.db.backends: (0.43) SELECT * FROM 'cart' WHERE id = 11;
2025-03-27 12:26:18,000 WARNING django.security: ConnectionError: Failed to connect to payment gateway
2025-03-27 12:20:50,000 DEBUG django.db.backends: (0.14) SELECT * FROM 'reviews' WHERE id = 76;
2025-03-27 12:06:15,000 WARNING django.security: IntegrityError: duplicate key value violates unique constraint
2025-03-27 12:10:49,000 CRITICAL django.core.management: OSError: No space left on device
2025-03-27 12:18:30,000 CRITICAL django.core.management: ValueError: Invalid input data
2025-03-27 12:41:43,000 DEBUG django.db.backends: (0.46) SELECT * FROM 'payments' WHERE id = 92;
2025-03-27 12:14:56,000 DEBUG django.db.backends: (0.17) SELECT * FROM 'support' WHERE id = 39;
2025-03-27 12:22:08,000 CRITICAL django.core.management: OSError: No space left on device
2025-03-27 12:42:08,000 WARNING django.security: DatabaseError: Deadlock detected
2025-03-27 12:07:30,000 CRITICAL django.core.management: DatabaseError: Deadlock detected
2025-03-27 12:08:30,000 DEBUG django.db.backends: (0.22) SELECT * FROM 'reviews' WHERE id = 35;
2025-03-27 12:49:04,000 WARNING django.security: DatabaseError: Deadlock detected
2025-03-27 12:16:06,000 DEBUG django.db.backends: (0.11) SELECT * FROM 'shipping' WHERE id = 17;
2025-03-27 12:32:44,000 DEBUG django.db.backends: (0.40) SELECT * FROM 'users' WHERE id = 85;
2025-03-27 12:42:24,000 DEBUG django.db.backends: (0.39) SELECT * FROM 'orders' WHERE id = 84;
2025-03-27 12:11:07,000 WARNING django.security: SuspiciousOperation: Invalid HTTP_HOST header
2025-03-27 12:39:41,000 WARNING django.security: ConnectionError: Failed to connect to payment gateway
2025-03-27 12:44:55,000 WARNING django.security: IntegrityError: duplicate key value violates unique constraint
2025-03-27 12:42:46,000 WARNING django.security: IntegrityError: duplicate key value violates unique constraint
2025-03-27 12:47:56,000 WARNING django.security: IntegrityError: duplicate key value violates unique constraint
2025-03-27 12:06:29,000 DEBUG django.db.backends: (0.31) SELECT * FROM 'products' WHERE id = 18;
2025-03-27 12:45:46,000 WARNING django.security: OSError: No space left on device
2025-03-27 12:09:25,000 WARNING django.security: SuspiciousOperation: Invalid HTTP_HOST header
2025-03-27 12:14:22,000 WARNING django.security: PermissionDenied: User does not have permission
2025-03-27 12:49:19,000 WARNING django.security: ValueError: Invalid input data
2025-03-27 12:27:18,000 WARNING django.security: DatabaseError: Deadlock detected
2025-03-27 12:27:26,000 CRITICAL django.core.management: SuspiciousOperation: Invalid HTTP_HOST header
2025-03-27 12:47:46,000 WARNING django.security: IntegrityError: duplicate key value violates unique constraint
2025-03-27 12:28:34,000 WARNING django.security: OSError: No space left on device
2025-03-27 12:40:30,000 CRITICAL django.core.management: ConnectionError: Failed to connect to payment gateway
2025-03-27 12:45:09,000 DEBUG django.db.backends: (0.48) SELECT * FROM 'shipping' WHERE id = 17;
2025-03-27 12:46:28,000 WARNING django.security: OSError: No space left on device
2025-03-27 12:12:30,000 DEBUG django.db.backends: (0.12) SELECT * FROM 'login' WHERE id = 49;
2025-03-27 12:17:20,000 WARNING django.security: DatabaseError: Deadlock detected
2025-03-27 12:01:21,000 WARNING django.security: PermissionDenied: User does not have permission